#
# There is insufficient memory for the Java Runtime Environment to continue.
# Native memory allocation (malloc) failed to allocate 114819072 bytes for committing reserved memory.
# Possible reasons:
#   The system is out of physical RAM or swap space
#   In 32 bit mode, the process size limit was hit
# Possible solutions:
#   Reduce memory load on the system
#   Increase physical memory or swap space
#   Check if swap backing store is full
#   Use 64 bit Java on a 64 bit OS
#   Decrease Java heap size (-Xmx/-Xms)
#   Decrease number of Java threads
#   Decrease Java thread stack sizes (-Xss)
#   Set larger code cache with -XX:ReservedCodeCacheSize=
# This output file may be truncated or incomplete.
#
#  Out of Memory Error (os_linux.cpp:2798), pid=43121, tid=140179621795584
#
# JRE version: OpenJDK Runtime Environment (7.0_65-b32) (build 1.7.0_65-b32)
# Java VM: OpenJDK 64-Bit Server VM (24.65-b04 mixed mode linux-amd64 compressed oops)
# Derivative: IcedTea 2.5.3
# Distribution: Ubuntu 12.04 LTS, package 7u71-2.5.3-0ubuntu0.12.04.1
# Failed to write core dump. Core dumps have been disabled. To enable core dumping, try "ulimit -c unlimited" before starting Java again
#

---------------  T H R E A D  ---------------

Current thread (0x00007f7e18072000):  VMThread [stack: 0x00007f7e1c7fd000,0x00007f7e1c8fe000] [id=43130]

Stack: [0x00007f7e1c7fd000,0x00007f7e1c8fe000],  sp=0x00007f7e1c8fc220,  free space=1020k
Native frames: (J=compiled Java code, j=interpreted, Vv=VM code, C=native code)
V  [libjvm.so+0x924bb3]  VMError::report_and_die()+0x173
V  [libjvm.so+0x488a60]  report_vm_out_of_memory(char const*, int, unsigned long, char const*)+0x70
V  [libjvm.so+0x7aacc3]  os::pd_commit_memory(char*, unsigned long, unsigned long, bool)+0x103
V  [libjvm.so+0x7a49b6]  os::commit_memory(char*, unsigned long, unsigned long, bool)+0x26
V  [libjvm.so+0x812edb]  PSVirtualSpace::expand_by(unsigned long)+0x6b
V  [libjvm.so+0x8030ed]  PSOldGen::expand(unsigned long) [clone .part.83]+0x1dd
V  [libjvm.so+0x8040bd]  PSOldGen::resize(unsigned long)+0x1dd
V  [libjvm.so+0x80b0a6]  PSParallelCompact::invoke_no_policy(bool)+0xab6
V  [libjvm.so+0x811365]  PSScavenge::invoke()+0x165
V  [libjvm.so+0x7cad7d]  ParallelScavengeHeap::failed_mem_allocate(unsigned long)+0x6d
V  [libjvm.so+0x9265c0]  VM_ParallelGCFailedAllocation::doit()+0x90
V  [libjvm.so+0x92ac32]  VM_Operation::evaluate()+0x52
V  [libjvm.so+0x9292bd]  VMThread::evaluate_operation(VM_Operation*)+0x9d
V  [libjvm.so+0x929986]  VMThread::loop()+0x1c6
V  [libjvm.so+0x929df2]  VMThread::run()+0x72
V  [libjvm.so+0x7a7722]  java_start(Thread*)+0x132

VM_Operation (0x00007f7e211ff720): ParallelGCFailedAllocation, mode: safepoint, requested by thread 0x00007f7e1800a800


---------------  P R O C E S S  ---------------

Java Threads: ( => current thread )
  0x00007f7e1857b800 JavaThread "GC-Monitor" daemon [_thread_blocked, id=43140, stack(0x00007f7e10753000,0x00007f7e10854000)]
  0x00007f7e183a8000 JavaThread "Neo4j UDC Timer" daemon [_thread_blocked, id=43138, stack(0x00007f7e10a58000,0x00007f7e10b59000)]
  0x00007f7e180ac800 JavaThread "Service Thread" daemon [_thread_blocked, id=43136, stack(0x00007f7e127ec000,0x00007f7e128ed000)]
  0x00007f7e180aa000 JavaThread "C2 CompilerThread1" daemon [_thread_blocked, id=43135, stack(0x00007f7e128ed000,0x00007f7e129ee000)]
  0x00007f7e180a7000 JavaThread "C2 CompilerThread0" daemon [_thread_blocked, id=43134, stack(0x00007f7e129ee000,0x00007f7e12aef000)]
  0x00007f7e180a5000 JavaThread "Signal Dispatcher" daemon [_thread_blocked, id=43133, stack(0x00007f7e12aef000,0x00007f7e12bf0000)]
  0x00007f7e18078000 JavaThread "Finalizer" daemon [_thread_blocked, id=43132, stack(0x00007f7e1c5fb000,0x00007f7e1c6fc000)]
  0x00007f7e18076000 JavaThread "Reference Handler" daemon [_thread_blocked, id=43131, stack(0x00007f7e1c6fc000,0x00007f7e1c7fd000)]
  0x00007f7e1800a800 JavaThread "main" [_thread_blocked, id=43123, stack(0x00007f7e21100000,0x00007f7e21201000)]

Other Threads:
=>0x00007f7e18072000 VMThread [stack: 0x00007f7e1c7fd000,0x00007f7e1c8fe000] [id=43130]
  0x00007f7e180b7000 WatcherThread [stack: 0x00007f7e126eb000,0x00007f7e127ec000] [id=43137]

VM state:at safepoint (normal execution)

VM Mutex/Monitor currently owned by a thread:  ([mutex/lock_event])
[0x00007f7e18006990] ExpandHeap_lock - owner thread: 0x00007f7e18072000
[0x00007f7e18007010] Threads_lock - owner thread: 0x00007f7e18072000
[0x00007f7e18007510] Heap_lock - owner thread: 0x00007f7e1800a800

Heap
 PSYoungGen      total 245248K, used 8043K [0x00000000eb680000, 0x00000000ffc80000, 0x0000000100000000)
  eden space 160768K, 0% used [0x00000000eb680000,0x00000000eb680000,0x00000000f5380000)
  from space 84480K, 9% used [0x00000000faa00000,0x00000000fb1daf80,0x00000000ffc80000)
  to   space 86528K, 0% used [0x00000000f5380000,0x00000000f5380000,0x00000000fa800000)
 ParOldGen       total 412160K, used 412021K [0x00000000c2400000, 0x00000000db680000, 0x00000000eb680000)
  object space 412160K, 99% used [0x00000000c2400000,0x00000000db65d5d8,0x00000000db680000)
 PSPermGen       total 28160K, used 14026K [0x00000000b7e00000, 0x00000000b9980000, 0x00000000c2400000)
  object space 28160K, 49% used [0x00000000b7e00000,0x00000000b8bb2a08,0x00000000b9980000)

Card table byte_map: [0x00007f7e1db3d000,0x00007f7e1dd7f000] byte_map_base: 0x00007f7e1d57e000

Polling page: 0x00007f7e2121b000

Code Cache  [0x00007f7e15000000, 0x00007f7e15270000, 0x00007f7e18000000)
 total_blobs=1138 nmethods=796 adapters=295 free_code_cache=47007Kb largest_free_block=48097152

Compilation events (10 events):
Event: 11.385 Thread 0x00007f7e180aa000  815             java.lang.Character::isWhitespace (9 bytes)
Event: 11.386 Thread 0x00007f7e180aa000 nmethod 815 0x00007f7e15215510 code [0x00007f7e15215660, 0x00007f7e15215798]
Event: 11.386 Thread 0x00007f7e180aa000  816             java.lang.CharacterDataLatin1::isWhitespace (23 bytes)
Event: 11.386 Thread 0x00007f7e180aa000 nmethod 816 0x00007f7e1520e510 code [0x00007f7e1520e640, 0x00007f7e1520e6d8]
Event: 11.386 Thread 0x00007f7e180aa000  817             java.util.regex.Pattern$CharPropertyNames$21::isSatisfiedBy (5 bytes)
Event: 11.387 Thread 0x00007f7e180aa000 nmethod 817 0x00007f7e1520e050 code [0x00007f7e1520e1a0, 0x00007f7e1520e2d8]
Event: 11.387 Thread 0x00007f7e180aa000  818             java.util.regex.Pattern$CharProperty::match (56 bytes)
Event: 11.389 Thread 0x00007f7e180a7000  819             java.util.regex.Pattern$BranchConn::match (11 bytes)
Event: 11.389 Thread 0x00007f7e180a7000 nmethod 819 0x00007f7e152152d0 code [0x00007f7e15215420, 0x00007f7e15215498]
Event: 11.392 Thread 0x00007f7e180aa000 nmethod 818 0x00007f7e15215b50 code [0x00007f7e15215d60, 0x00007f7e152165f8]

GC Heap History (10 events):
Event: 16.019 GC heap after
Heap after GC invocations=17 (full 4):
 PSYoungGen      total 237056K, used 44288K [0x00000000eb680000, 0x00000000ffd80000, 0x0000000100000000)
  eden space 143360K, 0% used [0x00000000eb680000,0x00000000eb680000,0x00000000f4280000)
  from space 93696K, 47% used [0x00000000f4280000,0x00000000f6dc0000,0x00000000f9e00000)
  to   space 90624K, 0% used [0x00000000fa500000,0x00000000fa500000,0x00000000ffd80000)
 ParOldGen       total 316928K, used 267444K [0x00000000c2400000, 0x00000000d5980000, 0x00000000eb680000)
  object space 316928K, 84% used [0x00000000c2400000,0x00000000d292d310,0x00000000d5980000)
 PSPermGen       total 29184K, used 14019K [0x00000000b7e00000, 0x00000000b9a80000, 0x00000000c2400000)
  object space 29184K, 48% used [0x00000000b7e00000,0x00000000b8bb0ef8,0x00000000b9a80000)
}
Event: 16.019 GC heap before
{Heap before GC invocations=18 (full 5):
 PSYoungGen      total 237056K, used 44288K [0x00000000eb680000, 0x00000000ffd80000, 0x0000000100000000)
  eden space 143360K, 0% used [0x00000000eb680000,0x00000000eb680000,0x00000000f4280000)
  from space 93696K, 47% used [0x00000000f4280000,0x00000000f6dc0000,0x00000000f9e00000)
  to   space 90624K, 0% used [0x00000000fa500000,0x00000000fa500000,0x00000000ffd80000)
 ParOldGen       total 316928K, used 267444K [0x00000000c2400000, 0x00000000d5980000, 0x00000000eb680000)
  object space 316928K, 84% used [0x00000000c2400000,0x00000000d292d310,0x00000000d5980000)
 PSPermGen       total 29184K, used 14019K [0x00000000b7e00000, 0x00000000b9a80000, 0x00000000c2400000)
  object space 29184K, 48% used [0x00000000b7e00000,0x00000000b8bb0ef8,0x00000000b9a80000)
Event: 17.054 GC heap after
Heap after GC invocations=18 (full 5):
 PSYoungGen      total 237056K, used 0K [0x00000000eb680000, 0x00000000ffd80000, 0x0000000100000000)
  eden space 143360K, 0% used [0x00000000eb680000,0x00000000eb680000,0x00000000f4280000)
  from space 93696K, 0% used [0x00000000f4280000,0x00000000f4280000,0x00000000f9e00000)
  to   space 90624K, 0% used [0x00000000fa500000,0x00000000fa500000,0x00000000ffd80000)
 ParOldGen       total 412160K, used 311289K [0x00000000c2400000, 0x00000000db680000, 0x00000000eb680000)
  object space 412160K, 75% used [0x00000000c2400000,0x00000000d53fe558,0x00000000db680000)
 PSPermGen       total 28160K, used 14019K [0x00000000b7e00000, 0x00000000b9980000, 0x00000000c2400000)
  object space 28160K, 49% used [0x00000000b7e00000,0x00000000b8bb0ef8,0x00000000b9980000)
}
Event: 17.234 GC heap before
{Heap before GC invocations=19 (full 5):
 PSYoungGen      total 237056K, used 143360K [0x00000000eb680000, 0x00000000ffd80000, 0x0000000100000000)
  eden space 143360K, 100% used [0x00000000eb680000,0x00000000f4280000,0x00000000f4280000)
  from space 93696K, 0% used [0x00000000f4280000,0x00000000f4280000,0x00000000f9e00000)
  to   space 90624K, 0% used [0x00000000fa500000,0x00000000fa500000,0x00000000ffd80000)
 ParOldGen       total 412160K, used 311289K [0x00000000c2400000, 0x00000000db680000, 0x00000000eb680000)
  object space 412160K, 75% used [0x00000000c2400000,0x00000000d53fe558,0x00000000db680000)
 PSPermGen       total 28160K, used 14021K [0x00000000b7e00000, 0x00000000b9980000, 0x00000000c2400000)
  object space 28160K, 49% used [0x00000000b7e00000,0x00000000b8bb1738,0x00000000b9980000)
Event: 17.326 GC heap after
Heap after GC invocations=19 (full 5):
 PSYoungGen      total 239104K, used 46656K [0x00000000eb680000, 0x00000000ff900000, 0x0000000100000000)
  eden space 153088K, 0% used [0x00000000eb680000,0x00000000eb680000,0x00000000f4c00000)
  from space 86016K, 54% used [0x00000000fa500000,0x00000000fd290080,0x00000000ff900000)
  to   space 88576K, 0% used [0x00000000f4c00000,0x00000000f4c00000,0x00000000fa280000)
 ParOldGen       total 412160K, used 311289K [0x00000000c2400000, 0x00000000db680000, 0x00000000eb680000)
  object space 412160K, 75% used [0x00000000c2400000,0x00000000d53fe558,0x00000000db680000)
 PSPermGen       total 28160K, used 14021K [0x00000000b7e00000, 0x00000000b9980000, 0x00000000c2400000)
  object space 28160K, 49% used [0x00000000b7e00000,0x00000000b8bb1738,0x00000000b9980000)
}
Event: 17.510 GC heap before
{Heap before GC invocations=20 (full 5):
 PSYoungGen      total 239104K, used 199744K [0x00000000eb680000, 0x00000000ff900000, 0x0000000100000000)
  eden space 153088K, 100% used [0x00000000eb680000,0x00000000f4c00000,0x00000000f4c00000)
  from space 86016K, 54% used [0x00000000fa500000,0x00000000fd290080,0x00000000ff900000)
  to   space 88576K, 0% used [0x00000000f4c00000,0x00000000f4c00000,0x00000000fa280000)
 ParOldGen       total 412160K, used 311289K [0x00000000c2400000, 0x00000000db680000, 0x00000000eb680000)
  object space 412160K, 75% used [0x00000000c2400000,0x00000000d53fe558,0x00000000db680000)
 PSPermGen       total 28160K, used 14022K [0x00000000b7e00000, 0x00000000b9980000, 0x00000000c2400000)
  object space 28160K, 49% used [0x00000000b7e00000,0x00000000b8bb18e0,0x00000000b9980000)
Event: 18.073 GC heap after
Heap after GC invocations=20 (full 5):
 PSYoungGen      total 241664K, used 49280K [0x00000000eb680000, 0x0000000100000000, 0x0000000100000000)
  eden space 153088K, 0% used [0x00000000eb680000,0x00000000eb680000,0x00000000f4c00000)
  from space 88576K, 55% used [0x00000000f4c00000,0x00000000f7c20090,0x00000000fa280000)
  to   space 88064K, 0% used [0x00000000faa00000,0x00000000faa00000,0x0000000100000000)
 ParOldGen       total 412160K, used 347998K [0x00000000c2400000, 0x00000000db680000, 0x00000000eb680000)
  object space 412160K, 84% used [0x00000000c2400000,0x00000000d77d7870,0x00000000db680000)
 PSPermGen       total 28160K, used 14022K [0x00000000b7e00000, 0x00000000b9980000, 0x00000000c2400000)
  object space 28160K, 49% used [0x00000000b7e00000,0x00000000b8bb18e0,0x00000000b9980000)
}
Event: 18.259 GC heap before
{Heap before GC invocations=21 (full 5):
 PSYoungGen      total 241664K, used 202368K [0x00000000eb680000, 0x0000000100000000, 0x0000000100000000)
  eden space 153088K, 100% used [0x00000000eb680000,0x00000000f4c00000,0x00000000f4c00000)
  from space 88576K, 55% used [0x00000000f4c00000,0x00000000f7c20090,0x00000000fa280000)
  to   space 88064K, 0% used [0x00000000faa00000,0x00000000faa00000,0x0000000100000000)
 ParOldGen       total 412160K, used 347998K [0x00000000c2400000, 0x00000000db680000, 0x00000000eb680000)
  object space 412160K, 84% used [0x00000000c2400000,0x00000000d77d7870,0x00000000db680000)
 PSPermGen       total 28160K, used 14026K [0x00000000b7e00000, 0x00000000b9980000, 0x00000000c2400000)
  object space 28160K, 49% used [0x00000000b7e00000,0x00000000b8bb2a08,0x00000000b9980000)
Event: 18.653 GC heap after
Heap after GC invocations=21 (full 5):
 PSYoungGen      total 245248K, used 49536K [0x00000000eb680000, 0x00000000ffc80000, 0x0000000100000000)
  eden space 160768K, 0% used [0x00000000eb680000,0x00000000eb680000,0x00000000f5380000)
  from space 84480K, 58% used [0x00000000faa00000,0x00000000fda60010,0x00000000ffc80000)
  to   space 86528K, 0% used [0x00000000f5380000,0x00000000f5380000,0x00000000fa800000)
 ParOldGen       total 412160K, used 386671K [0x00000000c2400000, 0x00000000db680000, 0x00000000eb680000)
  object space 412160K, 93% used [0x00000000c2400000,0x00000000d9d9bc40,0x00000000db680000)
 PSPermGen       total 28160K, used 14026K [0x00000000b7e00000, 0x00000000b9980000, 0x00000000c2400000)
  object space 28160K, 49% used [0x00000000b7e00000,0x00000000b8bb2a08,0x00000000b9980000)
}
Event: 18.653 GC heap before
{Heap before GC invocations=22 (full 6):
 PSYoungGen      total 245248K, used 49536K [0x00000000eb680000, 0x00000000ffc80000, 0x0000000100000000)
  eden space 160768K, 0% used [0x00000000eb680000,0x00000000eb680000,0x00000000f5380000)
  from space 84480K, 58% used [0x00000000faa00000,0x00000000fda60010,0x00000000ffc80000)
  to   space 86528K, 0% used [0x00000000f5380000,0x00000000f5380000,0x00000000fa800000)
 ParOldGen       total 412160K, used 386671K [0x00000000c2400000, 0x00000000db680000, 0x00000000eb680000)
  object space 412160K, 93% used [0x00000000c2400000,0x00000000d9d9bc40,0x00000000db680000)
 PSPermGen       total 28160K, used 14026K [0x00000000b7e00000, 0x00000000b9980000, 0x00000000c2400000)
  object space 28160K, 49% used [0x00000000b7e00000,0x00000000b8bb2a08,0x00000000b9980000)

Deoptimization events (10 events):
Event: 4.024 Thread 0x00007f7e1857b800 Uncommon trap: reason=class_check action=maybe_recompile pc=0x00007f7e150e63b4 method=java.util.regex.Matcher.getTextLength()I @ 4
Event: 4.024 Thread 0x00007f7e1857b800 Uncommon trap: reason=unreached action=reinterpret pc=0x00007f7e150efe64 method=java.lang.ThreadLocal.get()Ljava/lang/Object; @ 11
Event: 5.352 Thread 0x00007f7e1857b800 Uncommon trap: reason=class_check action=maybe_recompile pc=0x00007f7e150e63b4 method=java.util.regex.Matcher.getTextLength()I @ 4
Event: 5.352 Thread 0x00007f7e1857b800 Uncommon trap: reason=bimorphic action=maybe_recompile pc=0x00007f7e150dd26c method=java.util.regex.Pattern$BranchConn.match(Ljava/util/regex/Matcher;ILjava/lang/CharSequence;)Z @ 7
Event: 5.353 Thread 0x00007f7e1857b800 Uncommon trap: reason=class_check action=maybe_recompile pc=0x00007f7e150e5464 method=java.lang.Character.codePointAt(Ljava/lang/CharSequence;I)I @ 5
Event: 5.353 Thread 0x00007f7e1857b800 Uncommon trap: reason=class_check action=maybe_recompile pc=0x00007f7e150e63b4 method=java.util.regex.Matcher.getTextLength()I @ 4
Event: 8.862 Thread 0x00007f7e1857b800 Uncommon trap: reason=bimorphic action=maybe_recompile pc=0x00007f7e150dd26c method=java.util.regex.Pattern$BranchConn.match(Ljava/util/regex/Matcher;ILjava/lang/CharSequence;)Z @ 7
Event: 8.862 Thread 0x00007f7e1857b800 Uncommon trap: reason=class_check action=maybe_recompile pc=0x00007f7e150e5464 method=java.lang.Character.codePointAt(Ljava/lang/CharSequence;I)I @ 5
Event: 11.381 Thread 0x00007f7e1857b800 Uncommon trap: reason=bimorphic action=maybe_recompile pc=0x00007f7e150dd26c method=java.util.regex.Pattern$BranchConn.match(Ljava/util/regex/Matcher;ILjava/lang/CharSequence;)Z @ 7
Event: 11.381 Thread 0x00007f7e1857b800 Uncommon trap: reason=class_check action=maybe_recompile pc=0x00007f7e150e5464 method=java.lang.Character.codePointAt(Ljava/lang/CharSequence;I)I @ 5

Internal exceptions (10 events):
Event: 1.388 Thread 0x00007f7e1800a800 Threw 0x00000000ec5b2298 at /build/buildd/openjdk-7-7u71-2.5.3/build/openjdk/hotspot/src/share/vm/prims/jvm.cpp:1284
Event: 1.388 Thread 0x00007f7e1800a800 Threw 0x00000000ec5b7be0 at /build/buildd/openjdk-7-7u71-2.5.3/build/openjdk/hotspot/src/share/vm/prims/jvm.cpp:1284
Event: 1.389 Thread 0x00007f7e1800a800 Threw 0x00000000ec5bda38 at /build/buildd/openjdk-7-7u71-2.5.3/build/openjdk/hotspot/src/share/vm/prims/jvm.cpp:1284
Event: 1.389 Thread 0x00007f7e1800a800 Threw 0x00000000ec5c3d60 at /build/buildd/openjdk-7-7u71-2.5.3/build/openjdk/hotspot/src/share/vm/prims/jvm.cpp:1284
Event: 1.671 Thread 0x00007f7e1800a800 Threw 0x00000000ed43a628 at /build/buildd/openjdk-7-7u71-2.5.3/build/openjdk/hotspot/src/share/vm/prims/jvm.cpp:1284
Event: 2.363 Thread 0x00007f7e1800a800 Threw 0x00000000ee9f3cf0 at /build/buildd/openjdk-7-7u71-2.5.3/build/openjdk/hotspot/src/share/vm/prims/jvm.cpp:1284
Event: 2.363 Thread 0x00007f7e1800a800 Threw 0x00000000ee9fa6b8 at /build/buildd/openjdk-7-7u71-2.5.3/build/openjdk/hotspot/src/share/vm/prims/jvm.cpp:1284
Event: 2.363 Thread 0x00007f7e1800a800 Threw 0x00000000ee9fd458 at /build/buildd/openjdk-7-7u71-2.5.3/build/openjdk/hotspot/src/share/vm/prims/jvm.cpp:1284
Event: 2.364 Thread 0x00007f7e1800a800 Threw 0x00000000eea01af0 at /build/buildd/openjdk-7-7u71-2.5.3/build/openjdk/hotspot/src/share/vm/prims/jvm.cpp:1284
Event: 4.024 Thread 0x00007f7e1857b800 Implicit null exception at 0x00007f7e150efdb8 to 0x00007f7e150efe51

Events (10 events):
Event: 14.892 Executing VM operation: ParallelGCFailedAllocation done
Event: 15.059 Executing VM operation: ParallelGCFailedAllocation
Event: 15.445 Executing VM operation: ParallelGCFailedAllocation done
Event: 15.617 Executing VM operation: ParallelGCFailedAllocation
Event: 17.055 Executing VM operation: ParallelGCFailedAllocation done
Event: 17.232 Executing VM operation: ParallelGCFailedAllocation
Event: 17.327 Executing VM operation: ParallelGCFailedAllocation done
Event: 17.508 Executing VM operation: ParallelGCFailedAllocation
Event: 18.074 Executing VM operation: ParallelGCFailedAllocation done
Event: 18.257 Executing VM operation: ParallelGCFailedAllocation


Dynamic libraries:
00400000-00401000 r-xp 00000000 08:01 2493843                            /usr/lib/jvm/java-7-openjdk-amd64/jre/bin/java
00600000-00601000 r--p 00000000 08:01 2493843                            /usr/lib/jvm/java-7-openjdk-amd64/jre/bin/java
00601000-00602000 rw-p 00001000 08:01 2493843                            /usr/lib/jvm/java-7-openjdk-amd64/jre/bin/java
011e7000-01208000 rw-p 00000000 00:00 0                                  [heap]
b7e00000-b9980000 rw-p 00000000 00:00 0 
b9980000-b9d00000 ---p 00000000 00:00 0 
b9d00000-c2400000 rw-p 00000000 00:00 0 
c2400000-db680000 rw-p 00000000 00:00 0 
e2400000-eb680000 rw-p 00000000 00:00 0 
eb680000-ffc80000 rw-p 00000000 00:00 0 
ffc80000-100000000 ---p 00000000 00:00 0 
7f7ddc000000-7f7ddc021000 rw-p 00000000 00:00 0 
7f7ddc021000-7f7de0000000 ---p 00000000 00:00 0 
7f7de4000000-7f7de4021000 rw-p 00000000 00:00 0 
7f7de4021000-7f7de8000000 ---p 00000000 00:00 0 
7f7de8000000-7f7de8021000 rw-p 00000000 00:00 0 
7f7de8021000-7f7dec000000 ---p 00000000 00:00 0 
7f7dec000000-7f7deccc9000 rw-p 00000000 00:00 0 
7f7deccc9000-7f7df0000000 ---p 00000000 00:00 0 
7f7df0000000-7f7df0021000 rw-p 00000000 00:00 0 
7f7df0021000-7f7df4000000 ---p 00000000 00:00 0 
7f7df4000000-7f7df4021000 rw-p 00000000 00:00 0 
7f7df4021000-7f7df8000000 ---p 00000000 00:00 0 
7f7df8000000-7f7df8a42000 rw-p 00000000 00:00 0 
7f7df8a42000-7f7dfc000000 ---p 00000000 00:00 0 
7f7dfc000000-7f7dfc021000 rw-p 00000000 00:00 0 
7f7dfc021000-7f7e00000000 ---p 00000000 00:00 0 
7f7e00000000-7f7e00021000 rw-p 00000000 00:00 0 
7f7e00021000-7f7e04000000 ---p 00000000 00:00 0 
7f7e04000000-7f7e04021000 rw-p 00000000 00:00 0 
7f7e04021000-7f7e08000000 ---p 00000000 00:00 0 
7f7e08000000-7f7e0824e000 rw-p 00000000 00:00 0 
7f7e0824e000-7f7e0c000000 ---p 00000000 00:00 0 
7f7e0c000000-7f7e0c021000 rw-p 00000000 00:00 0 
7f7e0c021000-7f7e10000000 ---p 00000000 00:00 0 
7f7e10753000-7f7e10756000 ---p 00000000 00:00 0 
7f7e10756000-7f7e10956000 rw-p 00000000 00:00 0 
7f7e109d7000-7f7e10a58000 rw-p 00000000 00:00 0 
7f7e10a58000-7f7e10a5b000 ---p 00000000 00:00 0 
7f7e10a5b000-7f7e10b8a000 rw-p 00000000 00:00 0 
7f7e10b8a000-7f7e10bc6000 r-xp 00000000 08:01 6819515                    /lib/x86_64-linux-gnu/libpcre.so.3.12.1
7f7e10bc6000-7f7e10dc5000 ---p 0003c000 08:01 6819515                    /lib/x86_64-linux-gnu/libpcre.so.3.12.1
7f7e10dc5000-7f7e10dc6000 r--p 0003b000 08:01 6819515                    /lib/x86_64-linux-gnu/libpcre.so.3.12.1
7f7e10dc6000-7f7e10dc7000 rw-p 0003c000 08:01 6819515                    /lib/x86_64-linux-gnu/libpcre.so.3.12.1
7f7e10dc7000-7f7e10dce000 r-xp 00000000 08:01 1056000                    /usr/lib/x86_64-linux-gnu/libffi.so.6.0.0
7f7e10dce000-7f7e10fcd000 ---p 00007000 08:01 1056000                    /usr/lib/x86_64-linux-gnu/libffi.so.6.0.0
7f7e10fcd000-7f7e10fce000 r--p 00006000 08:01 1056000                    /usr/lib/x86_64-linux-gnu/libffi.so.6.0.0
7f7e10fce000-7f7e10fcf000 rw-p 00007000 08:01 1056000                    /usr/lib/x86_64-linux-gnu/libffi.so.6.0.0
7f7e10fcf000-7f7e10fe7000 r-xp 00000000 08:01 6815990                    /lib/x86_64-linux-gnu/libresolv-2.15.so
7f7e10fe7000-7f7e111e7000 ---p 00018000 08:01 6815990                    /lib/x86_64-linux-gnu/libresolv-2.15.so
7f7e111e7000-7f7e111e8000 r--p 00018000 08:01 6815990                    /lib/x86_64-linux-gnu/libresolv-2.15.so
7f7e111e8000-7f7e111e9000 rw-p 00019000 08:01 6815990                    /lib/x86_64-linux-gnu/libresolv-2.15.so
7f7e111e9000-7f7e111eb000 rw-p 00000000 00:00 0 
7f7e111eb000-7f7e11208000 r-xp 00000000 08:01 6819530                    /lib/x86_64-linux-gnu/libselinux.so.1
7f7e11208000-7f7e11407000 ---p 0001d000 08:01 6819530                    /lib/x86_64-linux-gnu/libselinux.so.1
7f7e11407000-7f7e11408000 r--p 0001c000 08:01 6819530                    /lib/x86_64-linux-gnu/libselinux.so.1
7f7e11408000-7f7e11409000 rw-p 0001d000 08:01 6819530                    /lib/x86_64-linux-gnu/libselinux.so.1
7f7e11409000-7f7e1140a000 rw-p 00000000 00:00 0 
7f7e1140a000-7f7e1140d000 r-xp 00000000 08:01 1048953                    /usr/lib/x86_64-linux-gnu/libgmodule-2.0.so.0.3200.4
7f7e1140d000-7f7e1160c000 ---p 00003000 08:01 1048953                    /usr/lib/x86_64-linux-gnu/libgmodule-2.0.so.0.3200.4
7f7e1160c000-7f7e1160d000 r--p 00002000 08:01 1048953                    /usr/lib/x86_64-linux-gnu/libgmodule-2.0.so.0.3200.4
7f7e1160d000-7f7e1160e000 rw-p 00003000 08:01 1048953                    /usr/lib/x86_64-linux-gnu/libgmodule-2.0.so.0.3200.4
7f7e1160e000-7f7e11700000 r-xp 00000000 08:01 6819447                    /lib/x86_64-linux-gnu/libglib-2.0.so.0.3200.4
7f7e11700000-7f7e11900000 ---p 000f2000 08:01 6819447                    /lib/x86_64-linux-gnu/libglib-2.0.so.0.3200.4
7f7e11900000-7f7e11901000 r--p 000f2000 08:01 6819447                    /lib/x86_64-linux-gnu/libglib-2.0.so.0.3200.4
7f7e11901000-7f7e11902000 rw-p 000f3000 08:01 6819447                    /lib/x86_64-linux-gnu/libglib-2.0.so.0.3200.4
7f7e11902000-7f7e11903000 rw-p 00000000 00:00 0 
7f7e11903000-7f7e11950000 r-xp 00000000 08:01 1050157                    /usr/lib/x86_64-linux-gnu/libgobject-2.0.so.0.3200.4
7f7e11950000-7f7e11b50000 ---p 0004d000 08:01 1050157                    /usr/lib/x86_64-linux-gnu/libgobject-2.0.so.0.3200.4
7f7e11b50000-7f7e11b51000 r--p 0004d000 08:01 1050157                    /usr/lib/x86_64-linux-gnu/libgobject-2.0.so.0.3200.4
7f7e11b51000-7f7e11b52000 rw-p 0004e000 08:01 1050157                    /usr/lib/x86_64-linux-gnu/libgobject-2.0.so.0.3200.4
7f7e11b52000-7f7e11c9a000 r-xp 00000000 08:01 1050156                    /usr/lib/x86_64-linux-gnu/libgio-2.0.so.0.3200.4
7f7e11c9a000-7f7e11e99000 ---p 00148000 08:01 1050156                    /usr/lib/x86_64-linux-gnu/libgio-2.0.so.0.3200.4
7f7e11e99000-7f7e11e9d000 r--p 00147000 08:01 1050156                    /usr/lib/x86_64-linux-gnu/libgio-2.0.so.0.3200.4
7f7e11e9d000-7f7e11e9f000 rw-p 0014b000 08:01 1050156                    /usr/lib/x86_64-linux-gnu/libgio-2.0.so.0.3200.4
7f7e11e9f000-7f7e11ea1000 rw-p 00000000 00:00 0 
7f7e11ea2000-7f7e11eb7000 r--p 00000000 08:01 1323899                    /usr/share/locale-langpack/zh_CN/LC_MESSAGES/libc.mo
7f7e11eb7000-7f7e11ece000 r-xp 00000000 08:01 2493815                    /usr/lib/jvm/java-7-openjdk-amd64/jre/lib/amd64/libnet.so
7f7e11ece000-7f7e120cd000 ---p 00017000 08:01 2493815                    /usr/lib/jvm/java-7-openjdk-amd64/jre/lib/amd64/libnet.so
7f7e120cd000-7f7e120ce000 r--p 00016000 08:01 2493815                    /usr/lib/jvm/java-7-openjdk-amd64/jre/lib/amd64/libnet.so
7f7e120ce000-7f7e120cf000 rw-p 00017000 08:01 2493815                    /usr/lib/jvm/java-7-openjdk-amd64/jre/lib/amd64/libnet.so
7f7e120cf000-7f7e120df000 r-xp 00000000 08:01 2493811                    /usr/lib/jvm/java-7-openjdk-amd64/jre/lib/amd64/libnio.so
7f7e120df000-7f7e122df000 ---p 00010000 08:01 2493811                    /usr/lib/jvm/java-7-openjdk-amd64/jre/lib/amd64/libnio.so
7f7e122df000-7f7e122e0000 r--p 00010000 08:01 2493811                    /usr/lib/jvm/java-7-openjdk-amd64/jre/lib/amd64/libnio.so
7f7e122e0000-7f7e122e1000 rw-p 00011000 08:01 2493811                    /usr/lib/jvm/java-7-openjdk-amd64/jre/lib/amd64/libnio.so
7f7e122e1000-7f7e122e9000 r-xp 00000000 08:01 2493821                    /usr/lib/jvm/java-7-openjdk-amd64/jre/lib/amd64/libmanagement.so
7f7e122e9000-7f7e124e8000 ---p 00008000 08:01 2493821                    /usr/lib/jvm/java-7-openjdk-amd64/jre/lib/amd64/libmanagement.so
7f7e124e8000-7f7e124e9000 r--p 00007000 08:01 2493821                    /usr/lib/jvm/java-7-openjdk-amd64/jre/lib/amd64/libmanagement.so
7f7e124e9000-7f7e124ea000 rw-p 00008000 08:01 2493821                    /usr/lib/jvm/java-7-openjdk-amd64/jre/lib/amd64/libmanagement.so
7f7e124ea000-7f7e1255c000 r--s 0065a000 08:01 2755690                    /home/thor/downloads/neo4j-community-2.1.6/lib/scala-library-2.10.4.jar
7f7e1255c000-7f7e12596000 r--s 00259000 08:01 2755679                    /home/thor/downloads/neo4j-community-2.1.6/lib/neo4j-kernel-2.1.6.jar
7f7e12596000-7f7e12636000 r--s 006dd000 08:01 2755693                    /home/thor/downloads/neo4j-community-2.1.6/lib/neo4j-cypher-compiler-2.1-2.1.6.jar
7f7e12636000-7f7e126a6000 r--s 004b8000 08:01 2755692                    /home/thor/downloads/neo4j-community-2.1.6/lib/neo4j-cypher-compiler-2.0-2.0.3.jar
7f7e126a6000-7f7e126eb000 r--s 002a1000 08:01 2755691                    /home/thor/downloads/neo4j-community-2.1.6/lib/neo4j-cypher-compiler-1.9-2.0.3.jar
7f7e126eb000-7f7e126ec000 ---p 00000000 00:00 0 
7f7e126ec000-7f7e127ec000 rw-p 00000000 00:00 0 
7f7e127ec000-7f7e127ef000 ---p 00000000 00:00 0 
7f7e127ef000-7f7e128ed000 rw-p 00000000 00:00 0 
7f7e128ed000-7f7e128f0000 ---p 00000000 00:00 0 
7f7e128f0000-7f7e129ee000 rw-p 00000000 00:00 0 
7f7e129ee000-7f7e129f1000 ---p 00000000 00:00 0 
7f7e129f1000-7f7e12aef000 rw-p 00000000 00:00 0 
7f7e12aef000-7f7e12af2000 ---p 00000000 00:00 0 
7f7e12af2000-7f7e15000000 rw-p 00000000 00:00 0 
7f7e15000000-7f7e15270000 rwxp 00000000 00:00 0 
7f7e15270000-7f7e189b6000 rw-p 00000000 00:00 0 
7f7e189b6000-7f7e1c000000 ---p 00000000 00:00 0 
7f7e1c001000-7f7e1c002000 rw-p 00000000 00:00 0 
7f7e1c002000-7f7e1c009000 r--s 00000000 08:01 1184257                    /usr/lib/x86_64-linux-gnu/gconv/gconv-modules.cache
7f7e1c009000-7f7e1c00e000 r--s 0004c000 08:01 1857662                    /usr/lib/jvm/java-7-openjdk-amd64/jre/lib/jsse.jar
7f7e1c00e000-7f7e1c011000 r--s 0001a000 08:01 2755698                    /home/thor/downloads/neo4j-community-2.1.6/lib/server-api-2.1.6.jar
7f7e1c011000-7f7e1c016000 r--s 00036000 08:01 2755694                    /home/thor/downloads/neo4j-community-2.1.6/lib/parboiled-scala_2.10-1.1.6.jar
7f7e1c016000-7f7e1c01b000 r--s 00029000 08:01 2755695                    /home/thor/downloads/neo4j-community-2.1.6/lib/parboiled-core-1.1.6.jar
7f7e1c01b000-7f7e1c01c000 r--s 00004000 08:01 2755696                    /home/thor/downloads/neo4j-community-2.1.6/lib/opencsv-2.3.jar
7f7e1c01c000-7f7e1c01d000 r--s 00009000 08:01 2755685                    /home/thor/downloads/neo4j-community-2.1.6/lib/neo4j-udc-2.1.6.jar
7f7e1c01d000-7f7e1c022000 r--s 0003c000 08:01 2755699                    /home/thor/downloads/neo4j-community-2.1.6/lib/neo4j-shell-2.1.6.jar
7f7e1c022000-7f7e1c024000 r--s 00015000 08:01 2755700                    /home/thor/downloads/neo4j-community-2.1.6/lib/org.apache.servicemix.bundles.jline-0.9.94_1.jar
7f7e1c024000-7f7e1c028000 r--s 00017000 08:01 2755680                    /home/thor/downloads/neo4j-community-2.1.6/lib/neo4j-primitive-collections-2.1.6.jar
7f7e1c028000-7f7e1c02e000 r--s 00039000 08:01 2755682                    /home/thor/downloads/neo4j-community-2.1.6/lib/neo4j-lucene-index-2.1.6.jar
7f7e1c02e000-7f7e1c030000 r--s 0000a000 08:01 2755697                    /home/thor/downloads/neo4j-community-2.1.6/lib/neo4j-jmx-2.1.6.jar
7f7e1c030000-7f7e1c032000 r--s 0000c000 08:01 2755686                    /home/thor/downloads/neo4j-community-2.1.6/lib/neo4j-graph-matching-2.1.6.jar
7f7e1c032000-7f7e1c036000 r--s 00025000 08:01 2755684                    /home/thor/downloads/neo4j-community-2.1.6/lib/neo4j-graph-algo-2.1.6.jar
7f7e1c036000-7f7e1c03b000 r--s 00030000 08:01 2755688                    /home/thor/downloads/neo4j-community-2.1.6/lib/neo4j-cypher-commons-2.1.6.jar
7f7e1c03b000-7f7e1c040000 r--s 00034000 08:01 2755687                    /home/thor/downloads/neo4j-community-2.1.6/lib/neo4j-cypher-2.1.6.jar
7f7e1c040000-7f7e1c059000 r--s 0015f000 08:01 2755683                    /home/thor/downloads/neo4j-community-2.1.6/lib/lucene-core-3.6.2.jar
7f7e1c059000-7f7e1c5fb000 r--p 00000000 08:01 1052708                    /usr/lib/locale/locale-archive
7f7e1c5fb000-7f7e1c5fe000 ---p 00000000 00:00 0 
7f7e1c5fe000-7f7e1c6fc000 rw-p 00000000 00:00 0 
7f7e1c6fc000-7f7e1c6ff000 ---p 00000000 00:00 0 
7f7e1c6ff000-7f7e1c7fd000 rw-p 00000000 00:00 0 
7f7e1c7fd000-7f7e1c7fe000 ---p 00000000 00:00 0 
7f7e1c7fe000-7f7e1d2b3000 rw-p 00000000 00:00 0 
7f7e1d2b3000-7f7e1d464000 r--s 01d25000 08:01 1857659                    /usr/lib/jvm/java-7-openjdk-amd64/jre/lib/rt.jar
7f7e1d464000-7f7e1d79e000 rw-p 00000000 00:00 0 
7f7e1d79e000-7f7e1d79f000 ---p 00000000 00:00 0 
7f7e1d79f000-7f7e1d89f000 rw-p 00000000 00:00 0 
7f7e1d89f000-7f7e1d8a0000 ---p 00000000 00:00 0 
7f7e1d8a0000-7f7e1d9ae000 rw-p 00000000 00:00 0 
7f7e1d9ae000-7f7e1d9b0000 ---p 00000000 00:00 0 
7f7e1d9b0000-7f7e1d9f3000 rw-p 00000000 00:00 0 
7f7e1d9f3000-7f7e1dabd000 rw-p 00000000 00:00 0 
7f7e1dabd000-7f7e1db3d000 rw-p 00000000 00:00 0 
7f7e1db3d000-7f7e1db4b000 rw-p 00000000 00:00 0 
7f7e1db4b000-7f7e1db4d000 ---p 00000000 00:00 0 
7f7e1db4d000-7f7e1db90000 rw-p 00000000 00:00 0 
7f7e1db90000-7f7e1dc5a000 rw-p 00000000 00:00 0 
7f7e1dc5a000-7f7e1dcd9000 rw-p 00000000 00:00 0 
7f7e1dcd9000-7f7e1dd7d000 rw-p 00000000 00:00 0 
7f7e1dd7d000-7f7e1dd7e000 ---p 00000000 00:00 0 
7f7e1dd7e000-7f7e1dd7f000 rw-p 00000000 00:00 0 
7f7e1dd7f000-7f7e1dd87000 r-xp 00000000 08:01 2493841                    /usr/lib/jvm/java-7-openjdk-amd64/jre/lib/amd64/libzip.so
7f7e1dd87000-7f7e1df86000 ---p 00008000 08:01 2493841                    /usr/lib/jvm/java-7-openjdk-amd64/jre/lib/amd64/libzip.so
7f7e1df86000-7f7e1df87000 r--p 00007000 08:01 2493841                    /usr/lib/jvm/java-7-openjdk-amd64/jre/lib/amd64/libzip.so
7f7e1df87000-7f7e1df88000 rw-p 00008000 08:01 2493841                    /usr/lib/jvm/java-7-openjdk-amd64/jre/lib/amd64/libzip.so
7f7e1df88000-7f7e1df94000 r-xp 00000000 08:01 6815988                    /lib/x86_64-linux-gnu/libnss_files-2.15.so
7f7e1df94000-7f7e1e193000 ---p 0000c000 08:01 6815988                    /lib/x86_64-linux-gnu/libnss_files-2.15.so
7f7e1e193000-7f7e1e194000 r--p 0000b000 08:01 6815988                    /lib/x86_64-linux-gnu/libnss_files-2.15.so
7f7e1e194000-7f7e1e195000 rw-p 0000c000 08:01 6815988                    /lib/x86_64-linux-gnu/libnss_files-2.15.so
7f7e1e195000-7f7e1e19f000 r-xp 00000000 08:01 6815995                    /lib/x86_64-linux-gnu/libnss_nis-2.15.so
7f7e1e19f000-7f7e1e39f000 ---p 0000a000 08:01 6815995                    /lib/x86_64-linux-gnu/libnss_nis-2.15.so
7f7e1e39f000-7f7e1e3a0000 r--p 0000a000 08:01 6815995                    /lib/x86_64-linux-gnu/libnss_nis-2.15.so
7f7e1e3a0000-7f7e1e3a1000 rw-p 0000b000 08:01 6815995                    /lib/x86_64-linux-gnu/libnss_nis-2.15.so
7f7e1e3a1000-7f7e1e3b8000 r-xp 00000000 08:01 6815987                    /lib/x86_64-linux-gnu/libnsl-2.15.so
7f7e1e3b8000-7f7e1e5b7000 ---p 00017000 08:01 6815987                    /lib/x86_64-linux-gnu/libnsl-2.15.so
7f7e1e5b7000-7f7e1e5b8000 r--p 00016000 08:01 6815987                    /lib/x86_64-linux-gnu/libnsl-2.15.so
7f7e1e5b8000-7f7e1e5b9000 rw-p 00017000 08:01 6815987                    /lib/x86_64-linux-gnu/libnsl-2.15.so
7f7e1e5b9000-7f7e1e5bb000 rw-p 00000000 00:00 0 
7f7e1e5bb000-7f7e1e5c3000 r-xp 00000000 08:01 6815994                    /lib/x86_64-linux-gnu/libnss_compat-2.15.so
7f7e1e5c3000-7f7e1e7c2000 ---p 00008000 08:01 6815994                    /lib/x86_64-linux-gnu/libnss_compat-2.15.so
7f7e1e7c2000-7f7e1e7c3000 r--p 00007000 08:01 6815994                    /lib/x86_64-linux-gnu/libnss_compat-2.15.so
7f7e1e7c3000-7f7e1e7c4000 rw-p 00008000 08:01 6815994                    /lib/x86_64-linux-gnu/libnss_compat-2.15.so
7f7e1e7c4000-7f7e1e7ed000 r-xp 00000000 08:01 2493825                    /usr/lib/jvm/java-7-openjdk-amd64/jre/lib/amd64/libjava.so
7f7e1e7ed000-7f7e1e9ec000 ---p 00029000 08:01 2493825                    /usr/lib/jvm/java-7-openjdk-amd64/jre/lib/amd64/libjava.so
7f7e1e9ec000-7f7e1e9ed000 r--p 00028000 08:01 2493825                    /usr/lib/jvm/java-7-openjdk-amd64/jre/lib/amd64/libjava.so
7f7e1e9ed000-7f7e1e9ef000 rw-p 00029000 08:01 2493825                    /usr/lib/jvm/java-7-openjdk-amd64/jre/lib/amd64/libjava.so
7f7e1e9ef000-7f7e1e9fd000 r-xp 00000000 08:01 2493824                    /usr/lib/jvm/java-7-openjdk-amd64/jre/lib/amd64/libverify.so
7f7e1e9fd000-7f7e1ebfc000 ---p 0000e000 08:01 2493824                    /usr/lib/jvm/java-7-openjdk-amd64/jre/lib/amd64/libverify.so
7f7e1ebfc000-7f7e1ebfe000 r--p 0000d000 08:01 2493824                    /usr/lib/jvm/java-7-openjdk-amd64/jre/lib/amd64/libverify.so
7f7e1ebfe000-7f7e1ebff000 rw-p 0000f000 08:01 2493824                    /usr/lib/jvm/java-7-openjdk-amd64/jre/lib/amd64/libverify.so
7f7e1ebff000-7f7e1ec06000 r-xp 00000000 08:01 6815985                    /lib/x86_64-linux-gnu/librt-2.15.so
7f7e1ec06000-7f7e1ee05000 ---p 00007000 08:01 6815985                    /lib/x86_64-linux-gnu/librt-2.15.so
7f7e1ee05000-7f7e1ee06000 r--p 00006000 08:01 6815985                    /lib/x86_64-linux-gnu/librt-2.15.so
7f7e1ee06000-7f7e1ee07000 rw-p 00007000 08:01 6815985                    /lib/x86_64-linux-gnu/librt-2.15.so
7f7e1ee07000-7f7e1ee1c000 r-xp 00000000 08:01 6819463                    /lib/x86_64-linux-gnu/libgcc_s.so.1
7f7e1ee1c000-7f7e1f01b000 ---p 00015000 08:01 6819463                    /lib/x86_64-linux-gnu/libgcc_s.so.1
7f7e1f01b000-7f7e1f01c000 r--p 00014000 08:01 6819463                    /lib/x86_64-linux-gnu/libgcc_s.so.1
7f7e1f01c000-7f7e1f01d000 rw-p 00015000 08:01 6819463                    /lib/x86_64-linux-gnu/libgcc_s.so.1
7f7e1f01d000-7f7e1f118000 r-xp 00000000 08:01 6815992                    /lib/x86_64-linux-gnu/libm-2.15.so
7f7e1f118000-7f7e1f317000 ---p 000fb000 08:01 6815992                    /lib/x86_64-linux-gnu/libm-2.15.so
7f7e1f317000-7f7e1f318000 r--p 000fa000 08:01 6815992                    /lib/x86_64-linux-gnu/libm-2.15.so
7f7e1f318000-7f7e1f319000 rw-p 000fb000 08:01 6815992                    /lib/x86_64-linux-gnu/libm-2.15.so
7f7e1f319000-7f7e1f3fb000 r-xp 00000000 08:01 1056371                    /usr/lib/x86_64-linux-gnu/libstdc++.so.6.0.16
7f7e1f3fb000-7f7e1f5fa000 ---p 000e2000 08:01 1056371                    /usr/lib/x86_64-linux-gnu/libstdc++.so.6.0.16
7f7e1f5fa000-7f7e1f602000 r--p 000e1000 08:01 1056371                    /usr/lib/x86_64-linux-gnu/libstdc++.so.6.0.16
7f7e1f602000-7f7e1f604000 rw-p 000e9000 08:01 1056371                    /usr/lib/x86_64-linux-gnu/libstdc++.so.6.0.16
7f7e1f604000-7f7e1f619000 rw-p 00000000 00:00 0 
7f7e1f619000-7f7e20106000 r-xp 00000000 08:01 2493830                    /usr/lib/jvm/java-7-openjdk-amd64/jre/lib/amd64/server/libjvm.so
7f7e20106000-7f7e20306000 ---p 00aed000 08:01 2493830                    /usr/lib/jvm/java-7-openjdk-amd64/jre/lib/amd64/server/libjvm.so
7f7e20306000-7f7e203a7000 r--p 00aed000 08:01 2493830                    /usr/lib/jvm/java-7-openjdk-amd64/jre/lib/amd64/server/libjvm.so
7f7e203a7000-7f7e203ca000 rw-p 00b8e000 08:01 2493830                    /usr/lib/jvm/java-7-openjdk-amd64/jre/lib/amd64/server/libjvm.so
7f7e203ca000-7f7e203f7000 rw-p 00000000 00:00 0 
7f7e203f7000-7f7e2040d000 r-xp 00000000 08:01 6819553                    /lib/x86_64-linux-gnu/libz.so.1.2.3.4
7f7e2040d000-7f7e2060c000 ---p 00016000 08:01 6819553                    /lib/x86_64-linux-gnu/libz.so.1.2.3.4
7f7e2060c000-7f7e2060d000 r--p 00015000 08:01 6819553                    /lib/x86_64-linux-gnu/libz.so.1.2.3.4
7f7e2060d000-7f7e2060e000 rw-p 00016000 08:01 6819553                    /lib/x86_64-linux-gnu/libz.so.1.2.3.4
7f7e2060e000-7f7e20626000 r-xp 00000000 08:01 6815983                    /lib/x86_64-linux-gnu/libpthread-2.15.so
7f7e20626000-7f7e20825000 ---p 00018000 08:01 6815983                    /lib/x86_64-linux-gnu/libpthread-2.15.so
7f7e20825000-7f7e20826000 r--p 00017000 08:01 6815983                    /lib/x86_64-linux-gnu/libpthread-2.15.so
7f7e20826000-7f7e20827000 rw-p 00018000 08:01 6815983                    /lib/x86_64-linux-gnu/libpthread-2.15.so
7f7e20827000-7f7e2082b000 rw-p 00000000 00:00 0 
7f7e2082b000-7f7e2082d000 r-xp 00000000 08:01 6816003                    /lib/x86_64-linux-gnu/libdl-2.15.so
7f7e2082d000-7f7e20a2d000 ---p 00002000 08:01 6816003                    /lib/x86_64-linux-gnu/libdl-2.15.so
7f7e20a2d000-7f7e20a2e000 r--p 00002000 08:01 6816003                    /lib/x86_64-linux-gnu/libdl-2.15.so
7f7e20a2e000-7f7e20a2f000 rw-p 00003000 08:01 6816003                    /lib/x86_64-linux-gnu/libdl-2.15.so
7f7e20a2f000-7f7e20be4000 r-xp 00000000 08:01 6815989                    /lib/x86_64-linux-gnu/libc-2.15.so
7f7e20be4000-7f7e20de3000 ---p 001b5000 08:01 6815989                    /lib/x86_64-linux-gnu/libc-2.15.so
7f7e20de3000-7f7e20de7000 r--p 001b4000 08:01 6815989                    /lib/x86_64-linux-gnu/libc-2.15.so
7f7e20de7000-7f7e20de9000 rw-p 001b8000 08:01 6815989                    /lib/x86_64-linux-gnu/libc-2.15.so
7f7e20de9000-7f7e20dee000 rw-p 00000000 00:00 0 
7f7e20dee000-7f7e20dfb000 r-xp 00000000 08:01 2493807                    /usr/lib/jvm/java-7-openjdk-amd64/jre/lib/amd64/jli/libjli.so
7f7e20dfb000-7f7e20ffa000 ---p 0000d000 08:01 2493807                    /usr/lib/jvm/java-7-openjdk-amd64/jre/lib/amd64/jli/libjli.so
7f7e20ffa000-7f7e20ffb000 r--p 0000c000 08:01 2493807                    /usr/lib/jvm/java-7-openjdk-amd64/jre/lib/amd64/jli/libjli.so
7f7e20ffb000-7f7e20ffc000 rw-p 0000d000 08:01 2493807                    /usr/lib/jvm/java-7-openjdk-amd64/jre/lib/amd64/jli/libjli.so
7f7e20ffc000-7f7e2101e000 r-xp 00000000 08:01 6815982                    /lib/x86_64-linux-gnu/ld-2.15.so
7f7e2101e000-7f7e2101f000 r--s 00003000 08:01 2755681                    /home/thor/downloads/neo4j-community-2.1.6/lib/geronimo-jta_1.1_spec-1.1.1.jar
7f7e2101f000-7f7e21022000 r--s 0000f000 08:01 2493787                    /usr/lib/jvm/java-7-openjdk-amd64/jre/lib/ext/icedtea-sound.jar
7f7e21022000-7f7e21023000 r--s 00002000 08:01 2493791                    /usr/lib/jvm/java-7-openjdk-amd64/jre/lib/ext/dnsns.jar
7f7e21023000-7f7e21025000 r--s 00012000 08:01 2493790                    /usr/lib/jvm/java-7-openjdk-amd64/jre/lib/ext/zipfs.jar
7f7e21025000-7f7e21029000 r--s 00034000 08:01 2493789                    /usr/lib/jvm/java-7-openjdk-amd64/jre/lib/ext/sunjce_provider.jar
7f7e21029000-7f7e2104a000 rw-p 00000000 00:00 0 
7f7e2104a000-7f7e21100000 rw-p 00000000 00:00 0 
7f7e21100000-7f7e21103000 ---p 00000000 00:00 0 
7f7e21103000-7f7e21206000 rw-p 00000000 00:00 0 
7f7e21206000-7f7e21209000 r--s 0000b000 08:01 2755689                    /home/thor/downloads/neo4j-community-2.1.6/lib/concurrentlinkedhashmap-lru-1.3.1.jar
7f7e21209000-7f7e2120d000 r--s 00085000 08:01 2493792                    /usr/lib/jvm/java-7-openjdk-amd64/jre/lib/ext/localedata.jar
7f7e2120d000-7f7e21211000 r--s 0003c000 08:01 2493788                    /usr/lib/jvm/java-7-openjdk-amd64/jre/lib/ext/sunpkcs11.jar
7f7e21211000-7f7e21212000 r--s 00007000 08:01 1186468                    /usr/share/java/java-atk-wrapper.jar
7f7e21212000-7f7e2121a000 rw-s 00000000 08:01 786607                     /tmp/hsperfdata_thor/43121
7f7e2121a000-7f7e2121b000 rw-p 00000000 00:00 0 
7f7e2121b000-7f7e2121c000 ---p 00000000 00:00 0 
7f7e2121c000-7f7e2121e000 rw-p 00000000 00:00 0 
7f7e2121e000-7f7e2121f000 r--p 00022000 08:01 6815982                    /lib/x86_64-linux-gnu/ld-2.15.so
7f7e2121f000-7f7e21221000 rw-p 00023000 08:01 6815982                    /lib/x86_64-linux-gnu/ld-2.15.so
7fff05f13000-7fff05f34000 rw-p 00000000 00:00 0                          [stack]
7fff05fff000-7fff06000000 r-xp 00000000 00:00 0                          [vdso]
ffffffffff600000-ffffffffff601000 r-xp 00000000 00:00 0                  [vsyscall]

VM Arguments:
jvm_args: -Dfile.encoding=UTF-8 
java_command: STGneo4j
Launcher Type: SUN_STANDARD

Environment Variables:
PATH=/usr/lib/lightdm/lightdm:/usr/local/sbin:/usr/local/bin:/usr/sbin:/usr/bin:/sbin:/bin:/usr/games
SHELL=/bin/bash
DISPLAY=:0

Signal Handlers:
SIGSEGV: [libjvm.so+0x925610], sa_mask[0]=0x7ffbfeff, sa_flags=0x10000004
SIGBUS: [libjvm.so+0x925610], sa_mask[0]=0x7ffbfeff, sa_flags=0x10000004
SIGFPE: [libjvm.so+0x7a5640], sa_mask[0]=0x7ffbfeff, sa_flags=0x10000004
SIGPIPE: [libjvm.so+0x7a5640], sa_mask[0]=0x7ffbfeff, sa_flags=0x10000004
SIGXFSZ: [libjvm.so+0x7a5640], sa_mask[0]=0x7ffbfeff, sa_flags=0x10000004
SIGILL: [libjvm.so+0x7a5640], sa_mask[0]=0x7ffbfeff, sa_flags=0x10000004
SIGUSR1: SIG_DFL, sa_mask[0]=0x00000000, sa_flags=0x00000000
SIGUSR2: [libjvm.so+0x7a5860], sa_mask[0]=0x00000004, sa_flags=0x10000004
SIGHUP: [libjvm.so+0x7a59d0], sa_mask[0]=0x7ffbfeff, sa_flags=0x10000004
SIGINT: [libjvm.so+0x7a59d0], sa_mask[0]=0x7ffbfeff, sa_flags=0x10000004
SIGTERM: [libjvm.so+0x7a59d0], sa_mask[0]=0x7ffbfeff, sa_flags=0x10000004
SIGQUIT: [libjvm.so+0x7a59d0], sa_mask[0]=0x7ffbfeff, sa_flags=0x10000004
SIGTRAP: SIG_DFL, sa_mask[0]=0x00000000, sa_flags=0x00000000


---------------  S Y S T E M  ---------------

OS:"elementary OS" 0.2.1 (luna)
uname:Linux 3.2.0-74-generic #109-Ubuntu SMP Tue Dec 9 16:45:49 UTC 2014 x86_64
libc:glibc 2.15 NPTL 2.15 
rlimit: STACK 8192k, CORE 0k, NPROC 31403, NOFILE 4096, AS infinity
load average:0.81 0.40 0.27

/proc/meminfo:
MemTotal:        4043076 kB
MemFree:           87840 kB
Buffers:           12140 kB
Cached:            77108 kB
SwapCached:            0 kB
Active:          3672300 kB
Inactive:          52628 kB
Active(anon):    3639148 kB
Inactive(anon):    19148 kB
Active(file):      33152 kB
Inactive(file):    33480 kB
Unevictable:          16 kB
Mlocked:              16 kB
SwapTotal:             0 kB
SwapFree:              0 kB
Dirty:                32 kB
Writeback:             0 kB
AnonPages:       3635796 kB
Mapped:            66608 kB
Shmem:             22616 kB
Slab:              80808 kB
SReclaimable:      41508 kB
SUnreclaim:        39300 kB
KernelStack:        4728 kB
PageTables:        50736 kB
NFS_Unstable:          0 kB
Bounce:                0 kB
WritebackTmp:          0 kB
CommitLimit:     2021536 kB
Committed_AS:    6654348 kB
VmallocTotal:   34359738367 kB
VmallocUsed:      175656 kB
VmallocChunk:   34359560548 kB
HardwareCorrupted:     0 kB
AnonHugePages:         0 kB
HugePages_Total:       0
HugePages_Free:        0
HugePages_Rsvd:        0
HugePages_Surp:        0
Hugepagesize:       2048 kB
DirectMap4k:       57344 kB
DirectMap2M:     2039808 kB
DirectMap1G:     2097152 kB


CPU:total 2 (2 cores per cpu, 1 threads per core) family 6 model 60 stepping 3, cmov, cx8, fxsr, mmx, sse, sse2, sse3, ssse3, sse4.1, sse4.2, popcnt, avx, aes, erms, tsc, tscinvbit

/proc/cpuinfo:
processor	: 0
vendor_id	: GenuineIntel
cpu family	: 6
model		: 60
model name	: Intel(R) Core(TM) i7-4790 CPU @ 3.60GHz
stepping	: 3
microcode	: 0x17
cpu MHz		: 3591.880
cache size	: 8192 KB
physical id	: 0
siblings	: 2
core id		: 0
cpu cores	: 2
apicid		: 0
initial apicid	: 0
fpu		: yes
fpu_exception	: yes
cpuid level	: 13
wp		: yes
flags		: fpu vme de pse tsc msr pae mce cx8 apic sep mtrr pge mca cmov pat pse36 clflush dts mmx fxsr sse sse2 ss ht syscall nx pdpe1gb rdtscp lm constant_tsc arch_perfmon pebs bts nopl xtopology tsc_reliable nonstop_tsc aperfmperf pni pclmulqdq ssse3 fma cx16 pcid sse4_1 sse4_2 x2apic movbe popcnt aes xsave avx f16c rdrand hypervisor lahf_lm ida arat epb xsaveopt pln pts dtherm fsgsbase smep
bogomips	: 7183.76
clflush size	: 64
cache_alignment	: 64
address sizes	: 40 bits physical, 48 bits virtual
power management:

processor	: 1
vendor_id	: GenuineIntel
cpu family	: 6
model		: 60
model name	: Intel(R) Core(TM) i7-4790 CPU @ 3.60GHz
stepping	: 3
microcode	: 0x17
cpu MHz		: 3591.880
cache size	: 8192 KB
physical id	: 0
siblings	: 2
core id		: 1
cpu cores	: 2
apicid		: 1
initial apicid	: 1
fpu		: yes
fpu_exception	: yes
cpuid level	: 13
wp		: yes
flags		: fpu vme de pse tsc msr pae mce cx8 apic sep mtrr pge mca cmov pat pse36 clflush dts mmx fxsr sse sse2 ss ht syscall nx pdpe1gb rdtscp lm constant_tsc arch_perfmon pebs bts nopl xtopology tsc_reliable nonstop_tsc aperfmperf pni pclmulqdq ssse3 fma cx16 pcid sse4_1 sse4_2 x2apic movbe popcnt aes xsave avx f16c rdrand hypervisor lahf_lm ida arat epb xsaveopt pln pts dtherm fsgsbase smep
bogomips	: 7183.76
clflush size	: 64
cache_alignment	: 64
address sizes	: 40 bits physical, 48 bits virtual
power management:



Memory: 4k page, physical 4043076k(87716k free), swap 0k(0k free)

vm_info: OpenJDK 64-Bit Server VM (24.65-b04) for linux-amd64 JRE (1.7.0_65-b32), built on Oct 22 2014 05:01:55 by "buildd" with gcc 4.6.3

time: Tue Jan 27 10:55:21 2015
elapsed time: 20 seconds

